{"C:\\Users\\user\\Desktop\\to-do-list\\modules\\Todos.js": {"path":"C:\\Users\\user\\Desktop\\to-do-list\\modules\\Todos.js","statementMap":{"0":{"start":{"line":3,"column":4},"end":{"line":3,"column":35}},"1":{"start":{"line":4,"column":4},"end":{"line":4,"column":31}},"2":{"start":{"line":5,"column":4},"end":{"line":5,"column":23}},"3":{"start":{"line":10,"column":20},"end":{"line":10,"column":74}},"4":{"start":{"line":11,"column":4},"end":{"line":11,"column":23}},"5":{"start":{"line":12,"column":4},"end":{"line":12,"column":29}},"6":{"start":{"line":13,"column":4},"end":{"line":13,"column":57}},"7":{"start":{"line":18,"column":4},"end":{"line":18,"column":23}},"8":{"start":{"line":19,"column":4},"end":{"line":19,"column":32}},"9":{"start":{"line":20,"column":4},"end":{"line":20,"column":57}},"10":{"start":{"line":22,"column":18},"end":{"line":27,"column":3}},"11":{"start":{"line":23,"column":20},"end":{"line":23,"column":62}},"12":{"start":{"line":24,"column":4},"end":{"line":24,"column":23}},"13":{"start":{"line":25,"column":4},"end":{"line":25,"column":29}},"14":{"start":{"line":26,"column":4},"end":{"line":26,"column":57}},"15":{"start":{"line":28,"column":22},"end":{"line":34,"column":3}},"16":{"start":{"line":29,"column":16},"end":{"line":29,"column":159}},"17":{"start":{"line":30,"column":4},"end":{"line":30,"column":35}},"18":{"start":{"line":31,"column":17},"end":{"line":31,"column":54}},"19":{"start":{"line":31,"column":38},"end":{"line":31,"column":53}},"20":{"start":{"line":33,"column":4},"end":{"line":33,"column":58}}},"fnMap":{"0":{"name":"(anonymous_0)","decl":{"start":{"line":2,"column":2},"end":{"line":2,"column":3}},"loc":{"start":{"line":2,"column":45},"end":{"line":6,"column":3}},"line":2},"1":{"name":"(anonymous_1)","decl":{"start":{"line":9,"column":2},"end":{"line":9,"column":3}},"loc":{"start":{"line":9,"column":30},"end":{"line":14,"column":3}},"line":9},"2":{"name":"(anonymous_2)","decl":{"start":{"line":17,"column":2},"end":{"line":17,"column":3}},"loc":{"start":{"line":17,"column":27},"end":{"line":21,"column":3}},"line":17},"3":{"name":"(anonymous_3)","decl":{"start":{"line":22,"column":18},"end":{"line":22,"column":19}},"loc":{"start":{"line":22,"column":47},"end":{"line":27,"column":3}},"line":22},"4":{"name":"(anonymous_4)","decl":{"start":{"line":28,"column":22},"end":{"line":28,"column":23}},"loc":{"start":{"line":28,"column":37},"end":{"line":34,"column":3}},"line":28},"5":{"name":"(anonymous_5)","decl":{"start":{"line":31,"column":30},"end":{"line":31,"column":31}},"loc":{"start":{"line":31,"column":38},"end":{"line":31,"column":53}},"line":31}},"branchMap":{},"s":{"0":4,"1":4,"2":4,"3":1,"4":1,"5":1,"6":1,"7":1,"8":1,"9":1,"10":4,"11":1,"12":1,"13":1,"14":1,"15":4,"16":1,"17":1,"18":1,"19":3,"20":1},"f":{"0":4,"1":1,"2":1,"3":1,"4":1,"5":3},"b":{},"_coverageSchema":"1a1c01bbd47fc00a2c39e90264f33305004495a9","hash":"e355690928884c07dc40538b58122356cb4c44ee"}
}
